This file contains any messages produced by compilers while
running configure, to aid debugging if configure makes a mistake.

It was created by sdl_foobar configure 0.1, which was
generated by GNU Autoconf 2.69.  Invocation command line was

  $ /home/brian/projects/sdl-foobar/configure --enable-maintainer-mode CFLAGS=-g -O0 CXXFLAGS=-g -O0 JFLAGS=-g -O0 FFLAGS=-g -O0

## --------- ##
## Platform. ##
## --------- ##

hostname = Hermes
uname -m = x86_64
uname -r = 4.8.0-41-generic
uname -s = Linux
uname -v = #44-Ubuntu SMP Fri Mar 3 15:27:17 UTC 2017

/usr/bin/uname -p = unknown
/bin/uname -X     = unknown

/bin/arch              = unknown
/usr/bin/arch -k       = unknown
/usr/convex/getsysinfo = unknown
/usr/bin/hostinfo      = unknown
/bin/machine           = unknown
/usr/bin/oslevel       = unknown
/bin/universe          = unknown

PATH: /home/brian/usr/bin
PATH: /usr/local/sbin
PATH: /usr/local/bin
PATH: /usr/sbin
PATH: /usr/bin
PATH: /sbin
PATH: /bin
PATH: /usr/games
PATH: /usr/local/games
PATH: /snap/bin
PATH: /usr/local/java/jdk1.8.0_40/bin
PATH: /usr/local/java/jdk1.8.0_40/jre/bin


## ----------- ##
## Core tests. ##
## ----------- ##

configure:2476: checking for a BSD-compatible install
configure:2544: result: /usr/bin/install -c
configure:2555: checking whether build environment is sane
configure:2610: result: yes
configure:2761: checking for a thread-safe mkdir -p
configure:2800: result: /bin/mkdir -p
configure:2807: checking for gawk
configure:2823: found /usr/bin/gawk
configure:2834: result: gawk
configure:2845: checking whether make sets $(MAKE)
configure:2867: result: yes
configure:2896: checking whether make supports nested variables
configure:2913: result: yes
configure:3051: checking whether make supports nested variables
configure:3068: result: yes
configure:3128: checking for gcc
configure:3144: found /usr/bin/gcc
configure:3155: result: gcc
configure:3384: checking for C compiler version
configure:3393: gcc --version >&5
gcc (Ubuntu 6.2.0-5ubuntu12) 6.2.0 20161005
Copyright (C) 2016 Free Software Foundation, Inc.
This is free software; see the source for copying conditions.  There is NO
warranty; not even for MERCHANTABILITY or FITNESS FOR A PARTICULAR PURPOSE.

configure:3404: $? = 0
configure:3393: gcc -v >&5
Using built-in specs.
COLLECT_GCC=gcc
COLLECT_LTO_WRAPPER=/usr/lib/gcc/x86_64-linux-gnu/6/lto-wrapper
Target: x86_64-linux-gnu
Configured with: ../src/configure -v --with-pkgversion='Ubuntu 6.2.0-5ubuntu12' --with-bugurl=file:///usr/share/doc/gcc-6/README.Bugs --enable-languages=c,ada,c++,java,go,d,fortran,objc,obj-c++ --prefix=/usr --program-suffix=-6 --program-prefix=x86_64-linux-gnu- --enable-shared --enable-linker-build-id --libexecdir=/usr/lib --without-included-gettext --enable-threads=posix --libdir=/usr/lib --enable-nls --with-sysroot=/ --enable-clocale=gnu --enable-libstdcxx-debug --enable-libstdcxx-time=yes --with-default-libstdcxx-abi=new --enable-gnu-unique-object --disable-vtable-verify --enable-libmpx --enable-plugin --enable-default-pie --with-system-zlib --disable-browser-plugin --enable-java-awt=gtk --enable-gtk-cairo --with-java-home=/usr/lib/jvm/java-1.5.0-gcj-6-amd64/jre --enable-java-home --with-jvm-root-dir=/usr/lib/jvm/java-1.5.0-gcj-6-amd64 --with-jvm-jar-dir=/usr/lib/jvm-exports/java-1.5.0-gcj-6-amd64 --with-arch-directory=amd64 --with-ecj-jar=/usr/share/java/eclipse-ecj.jar --enable-objc-gc --enable-multiarch --disable-werror --with-arch-32=i686 --with-abi=m64 --with-multilib-list=m32,m64,mx32 --enable-multilib --with-tune=generic --enable-checking=release --build=x86_64-linux-gnu --host=x86_64-linux-gnu --target=x86_64-linux-gnu
Thread model: posix
gcc version 6.2.0 20161005 (Ubuntu 6.2.0-5ubuntu12) 
configure:3404: $? = 0
configure:3393: gcc -V >&5
gcc: error: unrecognized command line option '-V'
gcc: fatal error: no input files
compilation terminated.
configure:3404: $? = 1
configure:3393: gcc -qversion >&5
gcc: error: unrecognized command line option '-qversion'; did you mean '--version'?
gcc: fatal error: no input files
compilation terminated.
configure:3404: $? = 1
configure:3424: checking whether the C compiler works
configure:3446: gcc -g -O0   conftest.c  >&5
configure:3450: $? = 0
configure:3498: result: yes
configure:3501: checking for C compiler default output file name
configure:3503: result: a.out
configure:3509: checking for suffix of executables
configure:3516: gcc -o conftest -g -O0   conftest.c  >&5
configure:3520: $? = 0
configure:3542: result: 
configure:3564: checking whether we are cross compiling
configure:3572: gcc -o conftest -g -O0   conftest.c  >&5
configure:3576: $? = 0
configure:3583: ./conftest
configure:3587: $? = 0
configure:3602: result: no
configure:3607: checking for suffix of object files
configure:3629: gcc -c -g -O0  conftest.c >&5
configure:3633: $? = 0
configure:3654: result: o
configure:3658: checking whether we are using the GNU C compiler
configure:3677: gcc -c -g -O0  conftest.c >&5
configure:3677: $? = 0
configure:3686: result: yes
configure:3695: checking whether gcc accepts -g
configure:3715: gcc -c -g  conftest.c >&5
configure:3715: $? = 0
configure:3756: result: yes
configure:3773: checking for gcc option to accept ISO C89
configure:3836: gcc  -c -g -O0  conftest.c >&5
configure:3836: $? = 0
configure:3849: result: none needed
configure:3874: checking whether gcc understands -c and -o together
configure:3896: gcc -c conftest.c -o conftest2.o
configure:3899: $? = 0
configure:3896: gcc -c conftest.c -o conftest2.o
configure:3899: $? = 0
configure:3911: result: yes
configure:3939: checking for style of include used by make
configure:3967: result: GNU
configure:3993: checking dependency style of gcc
configure:4104: result: gcc3
configure:4125: checking how to run the C preprocessor
configure:4156: gcc -E  conftest.c
configure:4156: $? = 0
configure:4170: gcc -E  conftest.c
conftest.c:11:28: fatal error: ac_nonexistent.h: No such file or directory
 #include <ac_nonexistent.h>
                            ^
compilation terminated.
configure:4170: $? = 1
configure: failed program was:
| /* confdefs.h */
| #define PACKAGE_NAME "sdl_foobar"
| #define PACKAGE_TARNAME "sdl_foobar"
| #define PACKAGE_VERSION "0.1"
| #define PACKAGE_STRING "sdl_foobar 0.1"
| #define PACKAGE_BUGREPORT ""
| #define PACKAGE_URL ""
| #define PACKAGE "sdl_foobar"
| #define VERSION "0.1"
| /* end confdefs.h.  */
| #include <ac_nonexistent.h>
configure:4195: result: gcc -E
configure:4215: gcc -E  conftest.c
configure:4215: $? = 0
configure:4229: gcc -E  conftest.c
conftest.c:11:28: fatal error: ac_nonexistent.h: No such file or directory
 #include <ac_nonexistent.h>
                            ^
compilation terminated.
configure:4229: $? = 1
configure: failed program was:
| /* confdefs.h */
| #define PACKAGE_NAME "sdl_foobar"
| #define PACKAGE_TARNAME "sdl_foobar"
| #define PACKAGE_VERSION "0.1"
| #define PACKAGE_STRING "sdl_foobar 0.1"
| #define PACKAGE_BUGREPORT ""
| #define PACKAGE_URL ""
| #define PACKAGE "sdl_foobar"
| #define VERSION "0.1"
| /* end confdefs.h.  */
| #include <ac_nonexistent.h>
configure:4258: checking for X
configure:4397: gcc -o conftest -g -O0   conftest.c -lX11  >&5
configure:4397: $? = 0
configure:4447: result: libraries , headers 
configure:4546: gcc -o conftest -g -O0   conftest.c   -lX11 >&5
configure:4546: $? = 0
configure:4644: checking for gethostbyname
configure:4644: gcc -o conftest -g -O0   conftest.c  >&5
configure:4644: $? = 0
configure:4644: result: yes
configure:4741: checking for connect
configure:4741: gcc -o conftest -g -O0   conftest.c  >&5
configure:4741: $? = 0
configure:4741: result: yes
configure:4790: checking for remove
configure:4790: gcc -o conftest -g -O0   conftest.c  >&5
configure:4790: $? = 0
configure:4790: result: yes
configure:4839: checking for shmat
configure:4839: gcc -o conftest -g -O0   conftest.c  >&5
configure:4839: $? = 0
configure:4839: result: yes
configure:4897: checking for IceConnectionNumber in -lICE
configure:4922: gcc -o conftest -g -O0   conftest.c -lICE   >&5
configure:4922: $? = 0
configure:4931: result: yes
configure:4948: checking how to run the C preprocessor
configure:5018: result: gcc -E
configure:5038: gcc -E  conftest.c
configure:5038: $? = 0
configure:5052: gcc -E  conftest.c
conftest.c:11:28: fatal error: ac_nonexistent.h: No such file or directory
 #include <ac_nonexistent.h>
                            ^
compilation terminated.
configure:5052: $? = 1
configure: failed program was:
| /* confdefs.h */
| #define PACKAGE_NAME "sdl_foobar"
| #define PACKAGE_TARNAME "sdl_foobar"
| #define PACKAGE_VERSION "0.1"
| #define PACKAGE_STRING "sdl_foobar 0.1"
| #define PACKAGE_BUGREPORT ""
| #define PACKAGE_URL ""
| #define PACKAGE "sdl_foobar"
| #define VERSION "0.1"
| /* end confdefs.h.  */
| #include <ac_nonexistent.h>
configure:5138: checking for g++
configure:5154: found /usr/bin/g++
configure:5165: result: g++
configure:5192: checking for C++ compiler version
configure:5201: g++ --version >&5
g++ (Ubuntu 6.2.0-5ubuntu12) 6.2.0 20161005
Copyright (C) 2016 Free Software Foundation, Inc.
This is free software; see the source for copying conditions.  There is NO
warranty; not even for MERCHANTABILITY or FITNESS FOR A PARTICULAR PURPOSE.

configure:5212: $? = 0
configure:5201: g++ -v >&5
Using built-in specs.
COLLECT_GCC=g++
COLLECT_LTO_WRAPPER=/usr/lib/gcc/x86_64-linux-gnu/6/lto-wrapper
Target: x86_64-linux-gnu
Configured with: ../src/configure -v --with-pkgversion='Ubuntu 6.2.0-5ubuntu12' --with-bugurl=file:///usr/share/doc/gcc-6/README.Bugs --enable-languages=c,ada,c++,java,go,d,fortran,objc,obj-c++ --prefix=/usr --program-suffix=-6 --program-prefix=x86_64-linux-gnu- --enable-shared --enable-linker-build-id --libexecdir=/usr/lib --without-included-gettext --enable-threads=posix --libdir=/usr/lib --enable-nls --with-sysroot=/ --enable-clocale=gnu --enable-libstdcxx-debug --enable-libstdcxx-time=yes --with-default-libstdcxx-abi=new --enable-gnu-unique-object --disable-vtable-verify --enable-libmpx --enable-plugin --enable-default-pie --with-system-zlib --disable-browser-plugin --enable-java-awt=gtk --enable-gtk-cairo --with-java-home=/usr/lib/jvm/java-1.5.0-gcj-6-amd64/jre --enable-java-home --with-jvm-root-dir=/usr/lib/jvm/java-1.5.0-gcj-6-amd64 --with-jvm-jar-dir=/usr/lib/jvm-exports/java-1.5.0-gcj-6-amd64 --with-arch-directory=amd64 --with-ecj-jar=/usr/share/java/eclipse-ecj.jar --enable-objc-gc --enable-multiarch --disable-werror --with-arch-32=i686 --with-abi=m64 --with-multilib-list=m32,m64,mx32 --enable-multilib --with-tune=generic --enable-checking=release --build=x86_64-linux-gnu --host=x86_64-linux-gnu --target=x86_64-linux-gnu
Thread model: posix
gcc version 6.2.0 20161005 (Ubuntu 6.2.0-5ubuntu12) 
configure:5212: $? = 0
configure:5201: g++ -V >&5
g++: error: unrecognized command line option '-V'
g++: fatal error: no input files
compilation terminated.
configure:5212: $? = 1
configure:5201: g++ -qversion >&5
g++: error: unrecognized command line option '-qversion'; did you mean '--version'?
g++: fatal error: no input files
compilation terminated.
configure:5212: $? = 1
configure:5216: checking whether we are using the GNU C++ compiler
configure:5235: g++ -c -g -O0  conftest.cpp >&5
configure:5235: $? = 0
configure:5244: result: yes
configure:5253: checking whether g++ accepts -g
configure:5273: g++ -c -g  conftest.cpp >&5
configure:5273: $? = 0
configure:5314: result: yes
configure:5339: checking dependency style of g++
configure:5450: result: gcc3
configure:5469: checking whether NLS is requested
configure:5478: result: yes
configure:5496: checking for intltool >= 0.35.0
configure:5498: result: 0.51.0 found
configure:5506: checking for intltool-update
configure:5524: found /usr/bin/intltool-update
configure:5536: result: /usr/bin/intltool-update
configure:5546: checking for intltool-merge
configure:5564: found /usr/bin/intltool-merge
configure:5576: result: /usr/bin/intltool-merge
configure:5586: checking for intltool-extract
configure:5604: found /usr/bin/intltool-extract
configure:5616: result: /usr/bin/intltool-extract
configure:5770: checking for xgettext
configure:5788: found /usr/bin/xgettext
configure:5800: result: /usr/bin/xgettext
configure:5810: checking for msgmerge
configure:5828: found /usr/bin/msgmerge
configure:5840: result: /usr/bin/msgmerge
configure:5850: checking for msgfmt
configure:5868: found /usr/bin/msgfmt
configure:5880: result: /usr/bin/msgfmt
configure:5890: checking for gmsgfmt
configure:5921: result: /usr/bin/msgfmt
configure:5941: checking for perl
configure:5959: found /usr/bin/perl
configure:5971: result: /usr/bin/perl
configure:5982: checking for perl >= 5.8.1
configure:5989: result: 5.22.2
configure:5993: checking for XML::Parser
configure:5996: result: ok
configure:6017: checking for grep that handles long lines and -e
configure:6075: result: /bin/grep
configure:6080: checking for egrep
configure:6142: result: /bin/grep -E
configure:6147: checking for ANSI C header files
configure:6167: gcc -c -g -O0  conftest.c >&5
configure:6167: $? = 0
configure:6240: gcc -o conftest -g -O0   conftest.c  >&5
configure:6240: $? = 0
configure:6240: ./conftest
configure:6240: $? = 0
configure:6251: result: yes
configure:6264: checking for sys/types.h
configure:6264: gcc -c -g -O0  conftest.c >&5
configure:6264: $? = 0
configure:6264: result: yes
configure:6264: checking for sys/stat.h
configure:6264: gcc -c -g -O0  conftest.c >&5
configure:6264: $? = 0
configure:6264: result: yes
configure:6264: checking for stdlib.h
configure:6264: gcc -c -g -O0  conftest.c >&5
configure:6264: $? = 0
configure:6264: result: yes
configure:6264: checking for string.h
configure:6264: gcc -c -g -O0  conftest.c >&5
configure:6264: $? = 0
configure:6264: result: yes
configure:6264: checking for memory.h
configure:6264: gcc -c -g -O0  conftest.c >&5
configure:6264: $? = 0
configure:6264: result: yes
configure:6264: checking for strings.h
configure:6264: gcc -c -g -O0  conftest.c >&5
configure:6264: $? = 0
configure:6264: result: yes
configure:6264: checking for inttypes.h
configure:6264: gcc -c -g -O0  conftest.c >&5
configure:6264: $? = 0
configure:6264: result: yes
configure:6264: checking for stdint.h
configure:6264: gcc -c -g -O0  conftest.c >&5
configure:6264: $? = 0
configure:6264: result: yes
configure:6264: checking for unistd.h
configure:6264: gcc -c -g -O0  conftest.c >&5
configure:6264: $? = 0
configure:6264: result: yes
configure:6279: checking locale.h usability
configure:6279: gcc -c -g -O0  conftest.c >&5
configure:6279: $? = 0
configure:6279: result: yes
configure:6279: checking locale.h presence
configure:6279: gcc -E  conftest.c
configure:6279: $? = 0
configure:6279: result: yes
configure:6279: checking for locale.h
configure:6279: result: yes
configure:6290: checking for LC_MESSAGES
configure:6306: gcc -o conftest -g -O0   conftest.c  >&5
configure:6306: $? = 0
configure:6314: result: yes
configure:6331: checking libintl.h usability
configure:6331: gcc -c -g -O0  conftest.c >&5
configure:6331: $? = 0
configure:6331: result: yes
configure:6331: checking libintl.h presence
configure:6331: gcc -E  conftest.c
configure:6331: $? = 0
configure:6331: result: yes
configure:6331: checking for libintl.h
configure:6331: result: yes
configure:6339: checking for ngettext in libc
configure:6357: gcc -o conftest -g -O0   conftest.c  >&5
configure:6357: $? = 0
configure:6366: result: yes
configure:6370: checking for dgettext in libc
configure:6388: gcc -o conftest -g -O0   conftest.c  >&5
configure:6388: $? = 0
configure:6397: result: yes
configure:6404: checking for bind_textdomain_codeset
configure:6404: gcc -o conftest -g -O0   conftest.c  >&5
configure:6404: $? = 0
configure:6404: result: yes
configure:6680: checking for msgfmt
configure:6707: result: /usr/bin/msgfmt
configure:6718: checking for dcgettext
configure:6718: gcc -o conftest -g -O0   conftest.c   >&5
conftest.c:49:6: warning: conflicting types for built-in function 'dcgettext'
 char dcgettext ();
      ^~~~~~~~~
configure:6718: $? = 0
configure:6718: result: yes
configure:6728: checking if msgfmt accepts -c
configure:6743: $MSGFMT -c -o /dev/null conftest.foo
conftest.foo:3: warning: header field 'Language' missing in header
configure:6746: $? = 0
configure:6748: result: yes
configure:6758: checking for gmsgfmt
configure:6789: result: /usr/bin/msgfmt
configure:6799: checking for xgettext
configure:6826: result: /usr/bin/xgettext
configure:6845: gcc -o conftest -g -O0   conftest.c   >&5
configure:6845: $? = 0
configure:7015: checking build system type
configure:7029: result: x86_64-pc-linux-gnu
configure:7049: checking host system type
configure:7062: result: x86_64-pc-linux-gnu
configure:7103: checking how to print strings
configure:7130: result: printf
configure:7151: checking for a sed that does not truncate output
configure:7215: result: /bin/sed
configure:7233: checking for fgrep
configure:7295: result: /bin/grep -F
configure:7330: checking for ld used by gcc
configure:7397: result: /usr/bin/ld
configure:7404: checking if the linker (/usr/bin/ld) is GNU ld
configure:7419: result: yes
configure:7431: checking for BSD- or MS-compatible name lister (nm)
configure:7485: result: /usr/bin/nm -B
configure:7615: checking the name lister (/usr/bin/nm -B) interface
configure:7622: gcc -c -g -O0  conftest.c >&5
configure:7625: /usr/bin/nm -B "conftest.o"
configure:7628: output
0000000000000000 B some_variable
configure:7635: result: BSD nm
configure:7638: checking whether ln -s works
configure:7642: result: yes
configure:7650: checking the maximum length of command line arguments
configure:7781: result: 1572864
configure:7829: checking how to convert x86_64-pc-linux-gnu file names to x86_64-pc-linux-gnu format
configure:7869: result: func_convert_file_noop
configure:7876: checking how to convert x86_64-pc-linux-gnu file names to toolchain format
configure:7896: result: func_convert_file_noop
configure:7903: checking for /usr/bin/ld option to reload object files
configure:7910: result: -r
configure:7984: checking for objdump
configure:8000: found /usr/bin/objdump
configure:8011: result: objdump
configure:8043: checking how to recognize dependent libraries
configure:8243: result: pass_all
configure:8328: checking for dlltool
configure:8358: result: no
configure:8388: checking how to associate runtime and link libraries
configure:8415: result: printf %s\n
configure:8475: checking for ar
configure:8491: found /usr/bin/ar
configure:8502: result: ar
configure:8539: checking for archiver @FILE support
configure:8556: gcc -c -g -O0  conftest.c >&5
configure:8556: $? = 0
configure:8559: ar cru libconftest.a @conftest.lst >&5
ar: `u' modifier ignored since `D' is the default (see `U')
configure:8562: $? = 0
configure:8567: ar cru libconftest.a @conftest.lst >&5
ar: `u' modifier ignored since `D' is the default (see `U')
ar: conftest.o: No such file or directory
configure:8570: $? = 1
configure:8582: result: @
configure:8640: checking for strip
configure:8656: found /usr/bin/strip
configure:8667: result: strip
configure:8739: checking for ranlib
configure:8755: found /usr/bin/ranlib
configure:8766: result: ranlib
configure:8868: checking command to parse /usr/bin/nm -B output from gcc object
configure:9021: gcc -c -g -O0  conftest.c >&5
configure:9024: $? = 0
configure:9028: /usr/bin/nm -B conftest.o \| sed -n -e 's/^.*[ ]\([ABCDGIRSTW][ABCDGIRSTW]*\)[ ][ ]*\([_A-Za-z][_A-Za-z0-9]*\)$/\1 \2 \2/p' | sed '/ __gnu_lto/d' \> conftest.nm
configure:9031: $? = 0
configure:9097: gcc -o conftest -g -O0   conftest.c conftstm.o >&5
configure:9100: $? = 0
configure:9138: result: ok
configure:9185: checking for sysroot
configure:9215: result: no
configure:9222: checking for a working dd
configure:9260: result: /bin/dd
configure:9264: checking how to truncate binary pipes
configure:9279: result: /bin/dd bs=4096 count=1
configure:9415: gcc -c -g -O0  conftest.c >&5
configure:9418: $? = 0
configure:9608: checking for mt
configure:9624: found /bin/mt
configure:9635: result: mt
configure:9658: checking if mt is a manifest tool
configure:9664: mt '-?'
configure:9672: result: no
configure:10346: checking for dlfcn.h
configure:10346: gcc -c -g -O0  conftest.c >&5
configure:10346: $? = 0
configure:10346: result: yes
configure:10613: checking for objdir
configure:10628: result: .libs
configure:10888: checking if gcc supports -fno-rtti -fno-exceptions
configure:10906: gcc -c -g -O0  -fno-rtti -fno-exceptions conftest.c >&5
cc1: warning: command line option '-fno-rtti' is valid for C++/ObjC++ but not for C
configure:10910: $? = 0
configure:10923: result: no
configure:11281: checking for gcc option to produce PIC
configure:11288: result: -fPIC -DPIC
configure:11296: checking if gcc PIC flag -fPIC -DPIC works
configure:11314: gcc -c -g -O0  -fPIC -DPIC -DPIC conftest.c >&5
configure:11318: $? = 0
configure:11331: result: yes
configure:11360: checking if gcc static flag -static works
configure:11388: result: yes
configure:11403: checking if gcc supports -c -o file.o
configure:11424: gcc -c -g -O0  -o out/conftest2.o conftest.c >&5
configure:11428: $? = 0
configure:11450: result: yes
configure:11458: checking if gcc supports -c -o file.o
configure:11505: result: yes
configure:11538: checking whether the gcc linker (/usr/bin/ld -m elf_x86_64) supports shared libraries
configure:12801: result: yes
configure:12838: checking whether -lc should be explicitly linked in
configure:12846: gcc -c -g -O0  conftest.c >&5
configure:12849: $? = 0
configure:12864: gcc -shared  -fPIC -DPIC conftest.o  -v -Wl,-soname -Wl,conftest -o conftest 2\>\&1 \| /bin/grep  -lc  \>/dev/null 2\>\&1
configure:12867: $? = 0
configure:12881: result: no
configure:13041: checking dynamic linker characteristics
configure:13622: gcc -o conftest -g -O0   -Wl,-rpath -Wl,/foo conftest.c  >&5
configure:13622: $? = 0
configure:13871: result: GNU/Linux ld.so
configure:13993: checking how to hardcode library paths into programs
configure:14018: result: immediate
configure:14566: checking whether stripping libraries is possible
configure:14571: result: yes
configure:14606: checking if libtool supports shared libraries
configure:14608: result: yes
configure:14611: checking whether to build shared libraries
configure:14636: result: yes
configure:14639: checking whether to build static libraries
configure:14643: result: yes
configure:14666: checking how to run the C++ preprocessor
configure:14693: g++ -E  conftest.cpp
configure:14693: $? = 0
configure:14707: g++ -E  conftest.cpp
conftest.cpp:30:28: fatal error: ac_nonexistent.h: No such file or directory
 #include <ac_nonexistent.h>
                            ^
compilation terminated.
configure:14707: $? = 1
configure: failed program was:
| /* confdefs.h */
| #define PACKAGE_NAME "sdl_foobar"
| #define PACKAGE_TARNAME "sdl_foobar"
| #define PACKAGE_VERSION "0.1"
| #define PACKAGE_STRING "sdl_foobar 0.1"
| #define PACKAGE_BUGREPORT ""
| #define PACKAGE_URL ""
| #define PACKAGE "sdl_foobar"
| #define VERSION "0.1"
| #define GETTEXT_PACKAGE "sdl_foobar"
| #define STDC_HEADERS 1
| #define HAVE_SYS_TYPES_H 1
| #define HAVE_SYS_STAT_H 1
| #define HAVE_STDLIB_H 1
| #define HAVE_STRING_H 1
| #define HAVE_MEMORY_H 1
| #define HAVE_STRINGS_H 1
| #define HAVE_INTTYPES_H 1
| #define HAVE_STDINT_H 1
| #define HAVE_UNISTD_H 1
| #define HAVE_LOCALE_H 1
| #define HAVE_LC_MESSAGES 1
| #define HAVE_BIND_TEXTDOMAIN_CODESET 1
| #define HAVE_GETTEXT 1
| #define HAVE_DCGETTEXT 1
| #define ENABLE_NLS 1
| #define HAVE_DLFCN_H 1
| #define LT_OBJDIR ".libs/"
| /* end confdefs.h.  */
| #include <ac_nonexistent.h>
configure:14732: result: g++ -E
configure:14752: g++ -E  conftest.cpp
configure:14752: $? = 0
configure:14766: g++ -E  conftest.cpp
conftest.cpp:30:28: fatal error: ac_nonexistent.h: No such file or directory
 #include <ac_nonexistent.h>
                            ^
compilation terminated.
configure:14766: $? = 1
configure: failed program was:
| /* confdefs.h */
| #define PACKAGE_NAME "sdl_foobar"
| #define PACKAGE_TARNAME "sdl_foobar"
| #define PACKAGE_VERSION "0.1"
| #define PACKAGE_STRING "sdl_foobar 0.1"
| #define PACKAGE_BUGREPORT ""
| #define PACKAGE_URL ""
| #define PACKAGE "sdl_foobar"
| #define VERSION "0.1"
| #define GETTEXT_PACKAGE "sdl_foobar"
| #define STDC_HEADERS 1
| #define HAVE_SYS_TYPES_H 1
| #define HAVE_SYS_STAT_H 1
| #define HAVE_STDLIB_H 1
| #define HAVE_STRING_H 1
| #define HAVE_MEMORY_H 1
| #define HAVE_STRINGS_H 1
| #define HAVE_INTTYPES_H 1
| #define HAVE_STDINT_H 1
| #define HAVE_UNISTD_H 1
| #define HAVE_LOCALE_H 1
| #define HAVE_LC_MESSAGES 1
| #define HAVE_BIND_TEXTDOMAIN_CODESET 1
| #define HAVE_GETTEXT 1
| #define HAVE_DCGETTEXT 1
| #define ENABLE_NLS 1
| #define HAVE_DLFCN_H 1
| #define LT_OBJDIR ".libs/"
| /* end confdefs.h.  */
| #include <ac_nonexistent.h>
configure:14928: checking for ld used by g++
configure:14995: result: /usr/bin/ld -m elf_x86_64
configure:15002: checking if the linker (/usr/bin/ld -m elf_x86_64) is GNU ld
configure:15017: result: yes
configure:15072: checking whether the g++ linker (/usr/bin/ld -m elf_x86_64) supports shared libraries
configure:16145: result: yes
configure:16181: g++ -c -g -O0  conftest.cpp >&5
configure:16184: $? = 0
configure:16665: checking for g++ option to produce PIC
configure:16672: result: -fPIC -DPIC
configure:16680: checking if g++ PIC flag -fPIC -DPIC works
configure:16698: g++ -c -g -O0  -fPIC -DPIC -DPIC conftest.cpp >&5
configure:16702: $? = 0
configure:16715: result: yes
configure:16738: checking if g++ static flag -static works
configure:16766: result: yes
configure:16778: checking if g++ supports -c -o file.o
configure:16799: g++ -c -g -O0  -o out/conftest2.o conftest.cpp >&5
configure:16803: $? = 0
configure:16825: result: yes
configure:16830: checking if g++ supports -c -o file.o
configure:16877: result: yes
configure:16907: checking whether the g++ linker (/usr/bin/ld -m elf_x86_64) supports shared libraries
configure:16950: result: yes
configure:17091: checking dynamic linker characteristics
configure:17848: result: GNU/Linux ld.so
configure:17913: checking how to hardcode library paths into programs
configure:17938: result: immediate
configure:18041: checking for sdl-config
configure:18059: found /usr/bin/sdl-config
configure:18072: result: /usr/bin/sdl-config
configure:18081: checking for SDL - version >= 1.2.0
configure:18166: gcc -o conftest -g -O0 -I/usr/include/SDL -D_GNU_SOURCE=1 -D_REENTRANT   conftest.c  -L/usr/lib/x86_64-linux-gnu -lSDL >&5
configure:18166: $? = 0
configure:18166: ./conftest
configure:18166: $? = 0
configure:18180: result: yes
configure:18373: checking that generated files are newer than configure
configure:18379: result: done
configure:18410: creating ./config.status

## ---------------------- ##
## Running config.status. ##
## ---------------------- ##

This file was extended by sdl_foobar config.status 0.1, which was
generated by GNU Autoconf 2.69.  Invocation command line was

  CONFIG_FILES    = 
  CONFIG_HEADERS  = 
  CONFIG_LINKS    = 
  CONFIG_COMMANDS = 
  $ ./config.status 

on Hermes

config.status:1234: creating Makefile
config.status:1234: creating src/Makefile
config.status:1234: creating po/Makefile.in
config.status:1234: creating config.h
config.status:1448: executing depfiles commands
config.status:1448: executing default-1 commands
config.status:1448: executing libtool commands
config.status:1448: executing po/stamp-it commands
configure:20841: WARNING: unrecognized options: --enable-maintainer-mode

## ---------------- ##
## Cache variables. ##
## ---------------- ##

ac_cv_build=x86_64-pc-linux-gnu
ac_cv_c_compiler_gnu=yes
ac_cv_cxx_compiler_gnu=yes
ac_cv_env_CCC_set=
ac_cv_env_CCC_value=
ac_cv_env_CC_set=
ac_cv_env_CC_value=
ac_cv_env_CFLAGS_set=set
ac_cv_env_CFLAGS_value='-g -O0'
ac_cv_env_CPPFLAGS_set=
ac_cv_env_CPPFLAGS_value=
ac_cv_env_CPP_set=
ac_cv_env_CPP_value=
ac_cv_env_CXXCPP_set=
ac_cv_env_CXXCPP_value=
ac_cv_env_CXXFLAGS_set=set
ac_cv_env_CXXFLAGS_value='-g -O0'
ac_cv_env_CXX_set=
ac_cv_env_CXX_value=
ac_cv_env_LDFLAGS_set=
ac_cv_env_LDFLAGS_value=
ac_cv_env_LIBS_set=
ac_cv_env_LIBS_value=
ac_cv_env_LT_SYS_LIBRARY_PATH_set=
ac_cv_env_LT_SYS_LIBRARY_PATH_value=
ac_cv_env_XMKMF_set=
ac_cv_env_XMKMF_value=
ac_cv_env_build_alias_set=
ac_cv_env_build_alias_value=
ac_cv_env_host_alias_set=
ac_cv_env_host_alias_value=
ac_cv_env_target_alias_set=
ac_cv_env_target_alias_value=
ac_cv_func_bind_textdomain_codeset=yes
ac_cv_func_connect=yes
ac_cv_func_dcgettext=yes
ac_cv_func_gethostbyname=yes
ac_cv_func_remove=yes
ac_cv_func_shmat=yes
ac_cv_have_x='have_x=yes	ac_x_includes='\'''\''	ac_x_libraries='\'''\'''
ac_cv_header_dlfcn_h=yes
ac_cv_header_inttypes_h=yes
ac_cv_header_libintl_h=yes
ac_cv_header_locale_h=yes
ac_cv_header_memory_h=yes
ac_cv_header_stdc=yes
ac_cv_header_stdint_h=yes
ac_cv_header_stdlib_h=yes
ac_cv_header_string_h=yes
ac_cv_header_strings_h=yes
ac_cv_header_sys_stat_h=yes
ac_cv_header_sys_types_h=yes
ac_cv_header_unistd_h=yes
ac_cv_host=x86_64-pc-linux-gnu
ac_cv_lib_ICE_IceConnectionNumber=yes
ac_cv_objext=o
ac_cv_path_EGREP='/bin/grep -E'
ac_cv_path_FGREP='/bin/grep -F'
ac_cv_path_GMSGFMT=/usr/bin/msgfmt
ac_cv_path_GREP=/bin/grep
ac_cv_path_INTLTOOL_EXTRACT=/usr/bin/intltool-extract
ac_cv_path_INTLTOOL_MERGE=/usr/bin/intltool-merge
ac_cv_path_INTLTOOL_PERL=/usr/bin/perl
ac_cv_path_INTLTOOL_UPDATE=/usr/bin/intltool-update
ac_cv_path_MSGFMT=/usr/bin/msgfmt
ac_cv_path_MSGMERGE=/usr/bin/msgmerge
ac_cv_path_SDL_CONFIG=/usr/bin/sdl-config
ac_cv_path_SED=/bin/sed
ac_cv_path_XGETTEXT=/usr/bin/xgettext
ac_cv_path_install='/usr/bin/install -c'
ac_cv_path_lt_DD=/bin/dd
ac_cv_path_mkdir=/bin/mkdir
ac_cv_prog_AWK=gawk
ac_cv_prog_CPP='gcc -E'
ac_cv_prog_CXXCPP='g++ -E'
ac_cv_prog_ac_ct_AR=ar
ac_cv_prog_ac_ct_CC=gcc
ac_cv_prog_ac_ct_CXX=g++
ac_cv_prog_ac_ct_MANIFEST_TOOL=mt
ac_cv_prog_ac_ct_OBJDUMP=objdump
ac_cv_prog_ac_ct_RANLIB=ranlib
ac_cv_prog_ac_ct_STRIP=strip
ac_cv_prog_cc_c89=
ac_cv_prog_cc_g=yes
ac_cv_prog_cxx_g=yes
ac_cv_prog_make_make_set=yes
am_cv_CC_dependencies_compiler_type=gcc3
am_cv_CXX_dependencies_compiler_type=gcc3
am_cv_make_support_nested_variables=yes
am_cv_prog_cc_c_o=yes
am_cv_val_LC_MESSAGES=yes
gt_cv_func_dgettext_libc=yes
gt_cv_func_dgettext_libintl=no
gt_cv_func_ngettext_libc=yes
gt_cv_have_gettext=yes
lt_cv_ar_at_file=@
lt_cv_archive_cmds_need_lc=no
lt_cv_deplibs_check_method=pass_all
lt_cv_file_magic_cmd='$MAGIC_CMD'
lt_cv_file_magic_test_file=
lt_cv_ld_reload_flag=-r
lt_cv_nm_interface='BSD nm'
lt_cv_objdir=.libs
lt_cv_path_LD=/usr/bin/ld
lt_cv_path_LDCXX='/usr/bin/ld -m elf_x86_64'
lt_cv_path_NM='/usr/bin/nm -B'
lt_cv_path_mainfest_tool=no
lt_cv_prog_compiler_c_o=yes
lt_cv_prog_compiler_c_o_CXX=yes
lt_cv_prog_compiler_pic='-fPIC -DPIC'
lt_cv_prog_compiler_pic_CXX='-fPIC -DPIC'
lt_cv_prog_compiler_pic_works=yes
lt_cv_prog_compiler_pic_works_CXX=yes
lt_cv_prog_compiler_rtti_exceptions=no
lt_cv_prog_compiler_static_works=yes
lt_cv_prog_compiler_static_works_CXX=yes
lt_cv_prog_gnu_ld=yes
lt_cv_prog_gnu_ldcxx=yes
lt_cv_sharedlib_from_linklib_cmd='printf %s\n'
lt_cv_shlibpath_overrides_runpath=no
lt_cv_sys_global_symbol_pipe='sed -n -e '\''s/^.*[	 ]\([ABCDGIRSTW][ABCDGIRSTW]*\)[	 ][	 ]*\([_A-Za-z][_A-Za-z0-9]*\)$/\1 \2 \2/p'\'' | sed '\''/ __gnu_lto/d'\'''
lt_cv_sys_global_symbol_to_c_name_address='sed -n -e '\''s/^: \(.*\) .*$/  {"\1", (void *) 0},/p'\'' -e '\''s/^[ABCDGIRSTW][ABCDGIRSTW]* .* \(.*\)$/  {"\1", (void *) \&\1},/p'\'''
lt_cv_sys_global_symbol_to_c_name_address_lib_prefix='sed -n -e '\''s/^: \(.*\) .*$/  {"\1", (void *) 0},/p'\'' -e '\''s/^[ABCDGIRSTW][ABCDGIRSTW]* .* \(lib.*\)$/  {"\1", (void *) \&\1},/p'\'' -e '\''s/^[ABCDGIRSTW][ABCDGIRSTW]* .* \(.*\)$/  {"lib\1", (void *) \&\1},/p'\'''
lt_cv_sys_global_symbol_to_cdecl='sed -n -e '\''s/^T .* \(.*\)$/extern int \1();/p'\'' -e '\''s/^[ABCDGIRSTW][ABCDGIRSTW]* .* \(.*\)$/extern char \1;/p'\'''
lt_cv_sys_global_symbol_to_import=
lt_cv_sys_max_cmd_len=1572864
lt_cv_to_host_file_cmd=func_convert_file_noop
lt_cv_to_tool_file_cmd=func_convert_file_noop
lt_cv_truncate_bin='/bin/dd bs=4096 count=1'

## ----------------- ##
## Output variables. ##
## ----------------- ##

ACLOCAL='${SHELL} /home/brian/projects/sdl-foobar/missing aclocal-1.15'
ALL_LINGUAS=''
AMDEPBACKSLASH='\'
AMDEP_FALSE='#'
AMDEP_TRUE=''
AMTAR='$${TAR-tar}'
AM_BACKSLASH='\'
AM_DEFAULT_V='$(AM_DEFAULT_VERBOSITY)'
AM_DEFAULT_VERBOSITY='0'
AM_V='$(V)'
AR='ar'
AUTOCONF='${SHELL} /home/brian/projects/sdl-foobar/missing autoconf'
AUTOHEADER='${SHELL} /home/brian/projects/sdl-foobar/missing autoheader'
AUTOMAKE='${SHELL} /home/brian/projects/sdl-foobar/missing automake-1.15'
AWK='gawk'
CATALOGS=''
CATOBJEXT='.gmo'
CC='gcc'
CCDEPMODE='depmode=gcc3'
CFLAGS='-g -O0 -I/usr/include/SDL -D_GNU_SOURCE=1 -D_REENTRANT'
CPP='gcc -E'
CPPFLAGS=' -I/usr/include/SDL -D_GNU_SOURCE=1 -D_REENTRANT'
CXX='g++'
CXXCPP='g++ -E'
CXXDEPMODE='depmode=gcc3'
CXXFLAGS='-g -O0 -I/usr/include/SDL -D_GNU_SOURCE=1 -D_REENTRANT'
CYGPATH_W='echo'
DATADIRNAME='share'
DEFS='-DHAVE_CONFIG_H'
DEPDIR='.deps'
DLLTOOL='false'
DSYMUTIL=''
DUMPBIN=''
ECHO_C=''
ECHO_N='-n'
ECHO_T=''
EGREP='/bin/grep -E'
EXEEXT=''
FGREP='/bin/grep -F'
GETTEXT_PACKAGE='sdl_foobar'
GMOFILES=''
GMSGFMT='/usr/bin/msgfmt'
GREP='/bin/grep'
INSTALL_DATA='${INSTALL} -m 644'
INSTALL_PROGRAM='${INSTALL}'
INSTALL_SCRIPT='${INSTALL}'
INSTALL_STRIP_PROGRAM='$(install_sh) -c -s'
INSTOBJEXT='.mo'
INTLLIBS=''
INTLTOOL_CAVES_RULE='%.caves:     %.caves.in     $(INTLTOOL_MERGE) $(wildcard $(top_srcdir)/po/*.po) ; $(INTLTOOL_V_MERGE)LC_ALL=C $(INTLTOOL_MERGE) $(INTLTOOL_V_MERGE_OPTIONS) -d -u -c $(top_builddir)/po/.intltool-merge-cache $(top_srcdir)/po $< $@'
INTLTOOL_DESKTOP_RULE='%.desktop:   %.desktop.in   $(INTLTOOL_MERGE) $(wildcard $(top_srcdir)/po/*.po) ; $(INTLTOOL_V_MERGE)LC_ALL=C $(INTLTOOL_MERGE) $(INTLTOOL_V_MERGE_OPTIONS) -d -u -c $(top_builddir)/po/.intltool-merge-cache $(top_srcdir)/po $< $@'
INTLTOOL_DIRECTORY_RULE='%.directory: %.directory.in $(INTLTOOL_MERGE) $(wildcard $(top_srcdir)/po/*.po) ; $(INTLTOOL_V_MERGE)LC_ALL=C $(INTLTOOL_MERGE) $(INTLTOOL_V_MERGE_OPTIONS) -d -u -c $(top_builddir)/po/.intltool-merge-cache $(top_srcdir)/po $< $@'
INTLTOOL_EXTRACT='/usr/bin/intltool-extract'
INTLTOOL_KBD_RULE='%.kbd:       %.kbd.in       $(INTLTOOL_MERGE) $(wildcard $(top_srcdir)/po/*.po) ; $(INTLTOOL_V_MERGE)LC_ALL=C $(INTLTOOL_MERGE) $(INTLTOOL_V_MERGE_OPTIONS) -x -u -m -c $(top_builddir)/po/.intltool-merge-cache $(top_srcdir)/po $< $@'
INTLTOOL_KEYS_RULE='%.keys:      %.keys.in      $(INTLTOOL_MERGE) $(wildcard $(top_srcdir)/po/*.po) ; $(INTLTOOL_V_MERGE)LC_ALL=C $(INTLTOOL_MERGE) $(INTLTOOL_V_MERGE_OPTIONS) -k -u -c $(top_builddir)/po/.intltool-merge-cache $(top_srcdir)/po $< $@'
INTLTOOL_MERGE='/usr/bin/intltool-merge'
INTLTOOL_OAF_RULE='%.oaf:       %.oaf.in       $(INTLTOOL_MERGE) $(wildcard $(top_srcdir)/po/*.po) ; $(INTLTOOL_V_MERGE)LC_ALL=C $(INTLTOOL_MERGE) $(INTLTOOL_V_MERGE_OPTIONS) -o -p $(top_srcdir)/po $< $@'
INTLTOOL_PERL='/usr/bin/perl'
INTLTOOL_POLICY_RULE='%.policy:    %.policy.in    $(INTLTOOL_MERGE) $(wildcard $(top_srcdir)/po/*.po) ; $(INTLTOOL_V_MERGE)LC_ALL=C $(INTLTOOL_MERGE) $(INTLTOOL_V_MERGE_OPTIONS) -x -u -c $(top_builddir)/po/.intltool-merge-cache $(top_srcdir)/po $< $@'
INTLTOOL_PONG_RULE='%.pong:      %.pong.in      $(INTLTOOL_MERGE) $(wildcard $(top_srcdir)/po/*.po) ; $(INTLTOOL_V_MERGE)LC_ALL=C $(INTLTOOL_MERGE) $(INTLTOOL_V_MERGE_OPTIONS) -x -u -c $(top_builddir)/po/.intltool-merge-cache $(top_srcdir)/po $< $@'
INTLTOOL_PROP_RULE='%.prop:      %.prop.in      $(INTLTOOL_MERGE) $(wildcard $(top_srcdir)/po/*.po) ; $(INTLTOOL_V_MERGE)LC_ALL=C $(INTLTOOL_MERGE) $(INTLTOOL_V_MERGE_OPTIONS) -d -u -c $(top_builddir)/po/.intltool-merge-cache $(top_srcdir)/po $< $@'
INTLTOOL_SCHEMAS_RULE='%.schemas:   %.schemas.in   $(INTLTOOL_MERGE) $(wildcard $(top_srcdir)/po/*.po) ; $(INTLTOOL_V_MERGE)LC_ALL=C $(INTLTOOL_MERGE) $(INTLTOOL_V_MERGE_OPTIONS) -s -u -c $(top_builddir)/po/.intltool-merge-cache $(top_srcdir)/po $< $@'
INTLTOOL_SERVER_RULE='%.server:    %.server.in    $(INTLTOOL_MERGE) $(wildcard $(top_srcdir)/po/*.po) ; $(INTLTOOL_V_MERGE)LC_ALL=C $(INTLTOOL_MERGE) $(INTLTOOL_V_MERGE_OPTIONS) -o -u -c $(top_builddir)/po/.intltool-merge-cache $(top_srcdir)/po $< $@'
INTLTOOL_SERVICE_RULE='%.service: %.service.in   $(INTLTOOL_MERGE) $(wildcard $(top_srcdir)/po/*.po) ; $(INTLTOOL_V_MERGE)LC_ALL=C $(INTLTOOL_MERGE) $(INTLTOOL_V_MERGE_OPTIONS) -d -u -c $(top_builddir)/po/.intltool-merge-cache $(top_srcdir)/po $< $@'
INTLTOOL_SHEET_RULE='%.sheet:     %.sheet.in     $(INTLTOOL_MERGE) $(wildcard $(top_srcdir)/po/*.po) ; $(INTLTOOL_V_MERGE)LC_ALL=C $(INTLTOOL_MERGE) $(INTLTOOL_V_MERGE_OPTIONS) -x -u -c $(top_builddir)/po/.intltool-merge-cache $(top_srcdir)/po $< $@'
INTLTOOL_SOUNDLIST_RULE='%.soundlist: %.soundlist.in $(INTLTOOL_MERGE) $(wildcard $(top_srcdir)/po/*.po) ; $(INTLTOOL_V_MERGE)LC_ALL=C $(INTLTOOL_MERGE) $(INTLTOOL_V_MERGE_OPTIONS) -d -u -c $(top_builddir)/po/.intltool-merge-cache $(top_srcdir)/po $< $@'
INTLTOOL_THEME_RULE='%.theme:     %.theme.in     $(INTLTOOL_MERGE) $(wildcard $(top_srcdir)/po/*.po) ; $(INTLTOOL_V_MERGE)LC_ALL=C $(INTLTOOL_MERGE) $(INTLTOOL_V_MERGE_OPTIONS) -d -u -c $(top_builddir)/po/.intltool-merge-cache $(top_srcdir)/po $< $@'
INTLTOOL_UI_RULE='%.ui:        %.ui.in        $(INTLTOOL_MERGE) $(wildcard $(top_srcdir)/po/*.po) ; $(INTLTOOL_V_MERGE)LC_ALL=C $(INTLTOOL_MERGE) $(INTLTOOL_V_MERGE_OPTIONS) -x -u -c $(top_builddir)/po/.intltool-merge-cache $(top_srcdir)/po $< $@'
INTLTOOL_UPDATE='/usr/bin/intltool-update'
INTLTOOL_V_MERGE='$(INTLTOOL__v_MERGE_$(V))'
INTLTOOL_V_MERGE_OPTIONS='$(intltool__v_merge_options_$(V))'
INTLTOOL_XAM_RULE='%.xam:       %.xml.in       $(INTLTOOL_MERGE) $(wildcard $(top_srcdir)/po/*.po) ; $(INTLTOOL_V_MERGE)LC_ALL=C $(INTLTOOL_MERGE) $(INTLTOOL_V_MERGE_OPTIONS) -x -u -c $(top_builddir)/po/.intltool-merge-cache $(top_srcdir)/po $< $@'
INTLTOOL_XML_NOMERGE_RULE='%.xml:       %.xml.in       $(INTLTOOL_MERGE) ; $(INTLTOOL_V_MERGE)LC_ALL=C $(INTLTOOL_MERGE) $(INTLTOOL_V_MERGE_OPTIONS) -x -u --no-translations $< $@'
INTLTOOL_XML_RULE='%.xml:       %.xml.in       $(INTLTOOL_MERGE) $(wildcard $(top_srcdir)/po/*.po) ; $(INTLTOOL_V_MERGE)LC_ALL=C $(INTLTOOL_MERGE) $(INTLTOOL_V_MERGE_OPTIONS) -x -u -c $(top_builddir)/po/.intltool-merge-cache $(top_srcdir)/po $< $@'
INTLTOOL__v_MERGE_0='@echo "  ITMRG " $@;'
INTLTOOL__v_MERGE_='$(INTLTOOL__v_MERGE_$(AM_DEFAULT_VERBOSITY))'
LD='/usr/bin/ld -m elf_x86_64'
LDFLAGS=''
LIBOBJS=''
LIBS=' -L/usr/lib/x86_64-linux-gnu -lSDL'
LIBTOOL='$(SHELL) $(top_builddir)/libtool'
LIPO=''
LN_S='ln -s'
LTLIBOBJS=''
LT_SYS_LIBRARY_PATH=''
MAKEINFO='${SHELL} /home/brian/projects/sdl-foobar/missing makeinfo'
MANIFEST_TOOL=':'
MKDIR_P='/bin/mkdir -p'
MKINSTALLDIRS='/home/brian/projects/sdl-foobar/mkinstalldirs'
MSGFMT='/usr/bin/msgfmt'
MSGFMT_OPTS='-c'
MSGMERGE='/usr/bin/msgmerge'
NM='/usr/bin/nm -B'
NMEDIT=''
OBJDUMP='objdump'
OBJEXT='o'
OTOOL64=''
OTOOL=''
PACKAGE='sdl_foobar'
PACKAGE_BUGREPORT=''
PACKAGE_NAME='sdl_foobar'
PACKAGE_STRING='sdl_foobar 0.1'
PACKAGE_TARNAME='sdl_foobar'
PACKAGE_URL=''
PACKAGE_VERSION='0.1'
PATH_SEPARATOR=':'
POFILES=''
POSUB='po'
PO_IN_DATADIR_FALSE=''
PO_IN_DATADIR_TRUE=''
RANLIB='ranlib'
SDL_CFLAGS='-I/usr/include/SDL -D_GNU_SOURCE=1 -D_REENTRANT'
SDL_CONFIG='/usr/bin/sdl-config'
SDL_LIBS='-L/usr/lib/x86_64-linux-gnu -lSDL'
SED='/bin/sed'
SET_MAKE=''
SHELL='/bin/bash'
STRIP='strip'
USE_NLS='yes'
VERSION='0.1'
XGETTEXT='/usr/bin/xgettext'
XMKMF=''
X_CFLAGS=''
X_EXTRA_LIBS=''
X_LIBS=''
X_PRE_LIBS=' -lSM -lICE'
ac_ct_AR='ar'
ac_ct_CC='gcc'
ac_ct_CXX='g++'
ac_ct_DUMPBIN=''
am__EXEEXT_FALSE=''
am__EXEEXT_TRUE='#'
am__fastdepCC_FALSE='#'
am__fastdepCC_TRUE=''
am__fastdepCXX_FALSE='#'
am__fastdepCXX_TRUE=''
am__include='include'
am__isrc=' -I$(srcdir)'
am__leading_dot='.'
am__nodep='_no'
am__quote=''
am__tar='$${TAR-tar} chof - "$$tardir"'
am__untar='$${TAR-tar} xf -'
bindir='${exec_prefix}/bin'
build='x86_64-pc-linux-gnu'
build_alias=''
build_cpu='x86_64'
build_os='linux-gnu'
build_vendor='pc'
datadir='${datarootdir}'
datarootdir='${prefix}/share'
docdir='${datarootdir}/doc/${PACKAGE_TARNAME}'
dvidir='${docdir}'
exec_prefix='${prefix}'
host='x86_64-pc-linux-gnu'
host_alias=''
host_cpu='x86_64'
host_os='linux-gnu'
host_vendor='pc'
htmldir='${docdir}'
includedir='${prefix}/include'
infodir='${datarootdir}/info'
install_sh='${SHELL} /home/brian/projects/sdl-foobar/install-sh'
intltool__v_merge_options_0='-q'
intltool__v_merge_options_='$(intltool__v_merge_options_$(AM_DEFAULT_VERBOSITY))'
libdir='${exec_prefix}/lib'
libexecdir='${exec_prefix}/libexec'
localedir='${datarootdir}/locale'
localstatedir='${prefix}/var'
mandir='${datarootdir}/man'
mkdir_p='$(MKDIR_P)'
oldincludedir='/usr/include'
pdfdir='${docdir}'
prefix='/usr/local'
program_transform_name='s,x,x,'
psdir='${docdir}'
runstatedir='${localstatedir}/run'
sbindir='${exec_prefix}/sbin'
sharedstatedir='${prefix}/com'
sysconfdir='${prefix}/etc'
target_alias=''

## ----------- ##
## confdefs.h. ##
## ----------- ##

/* confdefs.h */
#define PACKAGE_NAME "sdl_foobar"
#define PACKAGE_TARNAME "sdl_foobar"
#define PACKAGE_VERSION "0.1"
#define PACKAGE_STRING "sdl_foobar 0.1"
#define PACKAGE_BUGREPORT ""
#define PACKAGE_URL ""
#define PACKAGE "sdl_foobar"
#define VERSION "0.1"
#define GETTEXT_PACKAGE "sdl_foobar"
#define STDC_HEADERS 1
#define HAVE_SYS_TYPES_H 1
#define HAVE_SYS_STAT_H 1
#define HAVE_STDLIB_H 1
#define HAVE_STRING_H 1
#define HAVE_MEMORY_H 1
#define HAVE_STRINGS_H 1
#define HAVE_INTTYPES_H 1
#define HAVE_STDINT_H 1
#define HAVE_UNISTD_H 1
#define HAVE_LOCALE_H 1
#define HAVE_LC_MESSAGES 1
#define HAVE_BIND_TEXTDOMAIN_CODESET 1
#define HAVE_GETTEXT 1
#define HAVE_DCGETTEXT 1
#define ENABLE_NLS 1
#define HAVE_DLFCN_H 1
#define LT_OBJDIR ".libs/"

configure: exit 0
